[2025-10-23T04:48:24.895+0000] {processor.py:186} INFO - Started process (PID=78) to work on /opt/airflow/dags/fraud_detection_training_dag.py
[2025-10-23T04:48:24.907+0000] {processor.py:914} INFO - Processing file /opt/airflow/dags/fraud_detection_training_dag.py for tasks to queue
[2025-10-23T04:48:24.925+0000] {logging_mixin.py:190} INFO - [2025-10-23T04:48:24.923+0000] {dagbag.py:588} INFO - Filling up the DagBag from /opt/airflow/dags/fraud_detection_training_dag.py
[2025-10-23T04:48:25.220+0000] {processor.py:925} INFO - DAG(s) 'Fraud_detection_training' retrieved from /opt/airflow/dags/fraud_detection_training_dag.py
[2025-10-23T04:48:27.623+0000] {logging_mixin.py:190} INFO - [2025-10-23T04:48:27.621+0000] {dag.py:3239} INFO - Sync 1 DAGs
[2025-10-23T04:48:27.797+0000] {logging_mixin.py:190} INFO - [2025-10-23T04:48:27.795+0000] {dag.py:4180} INFO - Setting next_dagrun for Fraud_detection_training to 2025-10-22 03:00:00+00:00, run_after=2025-10-23 03:00:00+00:00
[2025-10-23T04:48:28.007+0000] {processor.py:208} INFO - Processing /opt/airflow/dags/fraud_detection_training_dag.py took 3.184 seconds
[2025-10-23T04:48:58.279+0000] {processor.py:186} INFO - Started process (PID=91) to work on /opt/airflow/dags/fraud_detection_training_dag.py
[2025-10-23T04:48:58.285+0000] {processor.py:914} INFO - Processing file /opt/airflow/dags/fraud_detection_training_dag.py for tasks to queue
[2025-10-23T04:48:58.300+0000] {logging_mixin.py:190} INFO - [2025-10-23T04:48:58.298+0000] {dagbag.py:588} INFO - Filling up the DagBag from /opt/airflow/dags/fraud_detection_training_dag.py
[2025-10-23T04:48:58.369+0000] {processor.py:925} INFO - DAG(s) 'Fraud_detection_training' retrieved from /opt/airflow/dags/fraud_detection_training_dag.py
[2025-10-23T04:48:58.528+0000] {logging_mixin.py:190} INFO - [2025-10-23T04:48:58.527+0000] {dag.py:3239} INFO - Sync 1 DAGs
[2025-10-23T04:48:58.716+0000] {logging_mixin.py:190} INFO - [2025-10-23T04:48:58.715+0000] {dag.py:4180} INFO - Setting next_dagrun for Fraud_detection_training to 2025-10-22 03:00:00+00:00, run_after=2025-10-23 03:00:00+00:00
[2025-10-23T04:48:58.792+0000] {processor.py:208} INFO - Processing /opt/airflow/dags/fraud_detection_training_dag.py took 0.547 seconds
[2025-10-23T04:49:29.323+0000] {processor.py:186} INFO - Started process (PID=97) to work on /opt/airflow/dags/fraud_detection_training_dag.py
[2025-10-23T04:49:29.326+0000] {processor.py:914} INFO - Processing file /opt/airflow/dags/fraud_detection_training_dag.py for tasks to queue
[2025-10-23T04:49:29.337+0000] {logging_mixin.py:190} INFO - [2025-10-23T04:49:29.336+0000] {dagbag.py:588} INFO - Filling up the DagBag from /opt/airflow/dags/fraud_detection_training_dag.py
[2025-10-23T04:49:29.410+0000] {processor.py:925} INFO - DAG(s) 'Fraud_detection_training' retrieved from /opt/airflow/dags/fraud_detection_training_dag.py
[2025-10-23T04:49:29.530+0000] {logging_mixin.py:190} INFO - [2025-10-23T04:49:29.529+0000] {dag.py:3239} INFO - Sync 1 DAGs
[2025-10-23T04:49:29.652+0000] {logging_mixin.py:190} INFO - [2025-10-23T04:49:29.652+0000] {dag.py:4180} INFO - Setting next_dagrun for Fraud_detection_training to 2025-10-22 03:00:00+00:00, run_after=2025-10-23 03:00:00+00:00
[2025-10-23T04:49:29.725+0000] {processor.py:208} INFO - Processing /opt/airflow/dags/fraud_detection_training_dag.py took 0.462 seconds
[2025-10-23T04:49:59.815+0000] {processor.py:186} INFO - Started process (PID=104) to work on /opt/airflow/dags/fraud_detection_training_dag.py
[2025-10-23T04:49:59.817+0000] {processor.py:914} INFO - Processing file /opt/airflow/dags/fraud_detection_training_dag.py for tasks to queue
[2025-10-23T04:49:59.822+0000] {logging_mixin.py:190} INFO - [2025-10-23T04:49:59.821+0000] {dagbag.py:588} INFO - Filling up the DagBag from /opt/airflow/dags/fraud_detection_training_dag.py
[2025-10-23T04:49:59.845+0000] {processor.py:925} INFO - DAG(s) 'Fraud_detection_training' retrieved from /opt/airflow/dags/fraud_detection_training_dag.py
[2025-10-23T04:49:59.905+0000] {logging_mixin.py:190} INFO - [2025-10-23T04:49:59.905+0000] {dag.py:3239} INFO - Sync 1 DAGs
[2025-10-23T04:49:59.982+0000] {logging_mixin.py:190} INFO - [2025-10-23T04:49:59.982+0000] {dag.py:4180} INFO - Setting next_dagrun for Fraud_detection_training to 2025-10-22 03:00:00+00:00, run_after=2025-10-23 03:00:00+00:00
[2025-10-23T04:50:00.038+0000] {processor.py:208} INFO - Processing /opt/airflow/dags/fraud_detection_training_dag.py took 0.245 seconds
[2025-10-23T04:50:30.111+0000] {processor.py:186} INFO - Started process (PID=117) to work on /opt/airflow/dags/fraud_detection_training_dag.py
[2025-10-23T04:50:30.114+0000] {processor.py:914} INFO - Processing file /opt/airflow/dags/fraud_detection_training_dag.py for tasks to queue
[2025-10-23T04:50:30.121+0000] {logging_mixin.py:190} INFO - [2025-10-23T04:50:30.120+0000] {dagbag.py:588} INFO - Filling up the DagBag from /opt/airflow/dags/fraud_detection_training_dag.py
[2025-10-23T04:50:30.159+0000] {processor.py:925} INFO - DAG(s) 'Fraud_detection_training' retrieved from /opt/airflow/dags/fraud_detection_training_dag.py
[2025-10-23T04:50:30.404+0000] {logging_mixin.py:190} INFO - [2025-10-23T04:50:30.403+0000] {dag.py:3239} INFO - Sync 1 DAGs
[2025-10-23T04:50:30.621+0000] {logging_mixin.py:190} INFO - [2025-10-23T04:50:30.621+0000] {dag.py:4180} INFO - Setting next_dagrun for Fraud_detection_training to 2025-10-23 03:00:00+00:00, run_after=2025-10-24 03:00:00+00:00
[2025-10-23T04:50:30.708+0000] {processor.py:208} INFO - Processing /opt/airflow/dags/fraud_detection_training_dag.py took 0.613 seconds
[2025-10-23T04:51:00.769+0000] {processor.py:186} INFO - Started process (PID=124) to work on /opt/airflow/dags/fraud_detection_training_dag.py
[2025-10-23T04:51:00.771+0000] {processor.py:914} INFO - Processing file /opt/airflow/dags/fraud_detection_training_dag.py for tasks to queue
[2025-10-23T04:51:00.777+0000] {logging_mixin.py:190} INFO - [2025-10-23T04:51:00.774+0000] {dagbag.py:588} INFO - Filling up the DagBag from /opt/airflow/dags/fraud_detection_training_dag.py
[2025-10-23T04:51:00.808+0000] {processor.py:925} INFO - DAG(s) 'Fraud_detection_training' retrieved from /opt/airflow/dags/fraud_detection_training_dag.py
[2025-10-23T04:51:00.873+0000] {logging_mixin.py:190} INFO - [2025-10-23T04:51:00.873+0000] {dag.py:3239} INFO - Sync 1 DAGs
[2025-10-23T04:51:00.937+0000] {logging_mixin.py:190} INFO - [2025-10-23T04:51:00.936+0000] {dag.py:4180} INFO - Setting next_dagrun for Fraud_detection_training to 2025-10-23 03:00:00+00:00, run_after=2025-10-24 03:00:00+00:00
[2025-10-23T04:51:00.984+0000] {processor.py:208} INFO - Processing /opt/airflow/dags/fraud_detection_training_dag.py took 0.227 seconds
[2025-10-23T04:51:31.048+0000] {processor.py:186} INFO - Started process (PID=131) to work on /opt/airflow/dags/fraud_detection_training_dag.py
[2025-10-23T04:51:31.051+0000] {processor.py:914} INFO - Processing file /opt/airflow/dags/fraud_detection_training_dag.py for tasks to queue
[2025-10-23T04:51:31.059+0000] {logging_mixin.py:190} INFO - [2025-10-23T04:51:31.058+0000] {dagbag.py:588} INFO - Filling up the DagBag from /opt/airflow/dags/fraud_detection_training_dag.py
[2025-10-23T04:51:31.086+0000] {processor.py:925} INFO - DAG(s) 'Fraud_detection_training' retrieved from /opt/airflow/dags/fraud_detection_training_dag.py
[2025-10-23T04:51:31.183+0000] {logging_mixin.py:190} INFO - [2025-10-23T04:51:31.182+0000] {dag.py:3239} INFO - Sync 1 DAGs
[2025-10-23T04:51:31.250+0000] {logging_mixin.py:190} INFO - [2025-10-23T04:51:31.250+0000] {dag.py:4180} INFO - Setting next_dagrun for Fraud_detection_training to 2025-10-23 03:00:00+00:00, run_after=2025-10-24 03:00:00+00:00
[2025-10-23T04:51:31.278+0000] {processor.py:208} INFO - Processing /opt/airflow/dags/fraud_detection_training_dag.py took 0.246 seconds
[2025-10-23T04:52:01.327+0000] {processor.py:186} INFO - Started process (PID=139) to work on /opt/airflow/dags/fraud_detection_training_dag.py
[2025-10-23T04:52:01.329+0000] {processor.py:914} INFO - Processing file /opt/airflow/dags/fraud_detection_training_dag.py for tasks to queue
[2025-10-23T04:52:01.337+0000] {logging_mixin.py:190} INFO - [2025-10-23T04:52:01.336+0000] {dagbag.py:588} INFO - Filling up the DagBag from /opt/airflow/dags/fraud_detection_training_dag.py
[2025-10-23T04:52:01.356+0000] {processor.py:925} INFO - DAG(s) 'Fraud_detection_training' retrieved from /opt/airflow/dags/fraud_detection_training_dag.py
[2025-10-23T04:52:01.421+0000] {logging_mixin.py:190} INFO - [2025-10-23T04:52:01.421+0000] {dag.py:3239} INFO - Sync 1 DAGs
[2025-10-23T04:52:01.497+0000] {logging_mixin.py:190} INFO - [2025-10-23T04:52:01.495+0000] {dag.py:4180} INFO - Setting next_dagrun for Fraud_detection_training to 2025-10-23 03:00:00+00:00, run_after=2025-10-24 03:00:00+00:00
[2025-10-23T04:52:01.544+0000] {processor.py:208} INFO - Processing /opt/airflow/dags/fraud_detection_training_dag.py took 0.226 seconds
[2025-10-23T04:52:31.645+0000] {processor.py:186} INFO - Started process (PID=146) to work on /opt/airflow/dags/fraud_detection_training_dag.py
[2025-10-23T04:52:31.648+0000] {processor.py:914} INFO - Processing file /opt/airflow/dags/fraud_detection_training_dag.py for tasks to queue
[2025-10-23T04:52:31.654+0000] {logging_mixin.py:190} INFO - [2025-10-23T04:52:31.652+0000] {dagbag.py:588} INFO - Filling up the DagBag from /opt/airflow/dags/fraud_detection_training_dag.py
[2025-10-23T04:52:31.684+0000] {processor.py:925} INFO - DAG(s) 'Fraud_detection_training' retrieved from /opt/airflow/dags/fraud_detection_training_dag.py
[2025-10-23T04:52:31.755+0000] {logging_mixin.py:190} INFO - [2025-10-23T04:52:31.754+0000] {dag.py:3239} INFO - Sync 1 DAGs
[2025-10-23T04:52:31.846+0000] {logging_mixin.py:190} INFO - [2025-10-23T04:52:31.846+0000] {dag.py:4180} INFO - Setting next_dagrun for Fraud_detection_training to 2025-10-23 03:00:00+00:00, run_after=2025-10-24 03:00:00+00:00
[2025-10-23T04:52:31.959+0000] {processor.py:208} INFO - Processing /opt/airflow/dags/fraud_detection_training_dag.py took 0.333 seconds
[2025-10-23T04:53:02.025+0000] {processor.py:186} INFO - Started process (PID=153) to work on /opt/airflow/dags/fraud_detection_training_dag.py
[2025-10-23T04:53:02.027+0000] {processor.py:914} INFO - Processing file /opt/airflow/dags/fraud_detection_training_dag.py for tasks to queue
[2025-10-23T04:53:02.031+0000] {logging_mixin.py:190} INFO - [2025-10-23T04:53:02.030+0000] {dagbag.py:588} INFO - Filling up the DagBag from /opt/airflow/dags/fraud_detection_training_dag.py
[2025-10-23T04:53:02.054+0000] {processor.py:925} INFO - DAG(s) 'Fraud_detection_training' retrieved from /opt/airflow/dags/fraud_detection_training_dag.py
[2025-10-23T04:53:02.166+0000] {logging_mixin.py:190} INFO - [2025-10-23T04:53:02.165+0000] {dag.py:3239} INFO - Sync 1 DAGs
[2025-10-23T04:53:02.242+0000] {logging_mixin.py:190} INFO - [2025-10-23T04:53:02.241+0000] {dag.py:4180} INFO - Setting next_dagrun for Fraud_detection_training to 2025-10-23 03:00:00+00:00, run_after=2025-10-24 03:00:00+00:00
[2025-10-23T04:53:02.275+0000] {processor.py:208} INFO - Processing /opt/airflow/dags/fraud_detection_training_dag.py took 0.264 seconds
[2025-10-23T04:53:32.333+0000] {processor.py:186} INFO - Started process (PID=160) to work on /opt/airflow/dags/fraud_detection_training_dag.py
[2025-10-23T04:53:32.337+0000] {processor.py:914} INFO - Processing file /opt/airflow/dags/fraud_detection_training_dag.py for tasks to queue
[2025-10-23T04:53:32.348+0000] {logging_mixin.py:190} INFO - [2025-10-23T04:53:32.347+0000] {dagbag.py:588} INFO - Filling up the DagBag from /opt/airflow/dags/fraud_detection_training_dag.py
[2025-10-23T04:53:32.385+0000] {processor.py:925} INFO - DAG(s) 'Fraud_detection_training' retrieved from /opt/airflow/dags/fraud_detection_training_dag.py
[2025-10-23T04:53:32.447+0000] {logging_mixin.py:190} INFO - [2025-10-23T04:53:32.447+0000] {dag.py:3239} INFO - Sync 1 DAGs
[2025-10-23T04:53:32.494+0000] {logging_mixin.py:190} INFO - [2025-10-23T04:53:32.494+0000] {dag.py:4180} INFO - Setting next_dagrun for Fraud_detection_training to 2025-10-23 03:00:00+00:00, run_after=2025-10-24 03:00:00+00:00
[2025-10-23T04:53:32.528+0000] {processor.py:208} INFO - Processing /opt/airflow/dags/fraud_detection_training_dag.py took 0.213 seconds
[2025-10-23T04:54:02.588+0000] {processor.py:186} INFO - Started process (PID=167) to work on /opt/airflow/dags/fraud_detection_training_dag.py
[2025-10-23T04:54:02.591+0000] {processor.py:914} INFO - Processing file /opt/airflow/dags/fraud_detection_training_dag.py for tasks to queue
[2025-10-23T04:54:02.595+0000] {logging_mixin.py:190} INFO - [2025-10-23T04:54:02.594+0000] {dagbag.py:588} INFO - Filling up the DagBag from /opt/airflow/dags/fraud_detection_training_dag.py
[2025-10-23T04:54:02.607+0000] {processor.py:925} INFO - DAG(s) 'Fraud_detection_training' retrieved from /opt/airflow/dags/fraud_detection_training_dag.py
[2025-10-23T04:54:02.643+0000] {logging_mixin.py:190} INFO - [2025-10-23T04:54:02.643+0000] {dag.py:3239} INFO - Sync 1 DAGs
[2025-10-23T04:54:02.680+0000] {logging_mixin.py:190} INFO - [2025-10-23T04:54:02.680+0000] {dag.py:4180} INFO - Setting next_dagrun for Fraud_detection_training to 2025-10-23 03:00:00+00:00, run_after=2025-10-24 03:00:00+00:00
[2025-10-23T04:54:02.707+0000] {processor.py:208} INFO - Processing /opt/airflow/dags/fraud_detection_training_dag.py took 0.129 seconds
[2025-10-23T04:54:32.823+0000] {processor.py:186} INFO - Started process (PID=174) to work on /opt/airflow/dags/fraud_detection_training_dag.py
[2025-10-23T04:54:32.825+0000] {processor.py:914} INFO - Processing file /opt/airflow/dags/fraud_detection_training_dag.py for tasks to queue
[2025-10-23T04:54:32.830+0000] {logging_mixin.py:190} INFO - [2025-10-23T04:54:32.829+0000] {dagbag.py:588} INFO - Filling up the DagBag from /opt/airflow/dags/fraud_detection_training_dag.py
[2025-10-23T04:54:32.853+0000] {processor.py:925} INFO - DAG(s) 'Fraud_detection_training' retrieved from /opt/airflow/dags/fraud_detection_training_dag.py
[2025-10-23T04:54:32.903+0000] {logging_mixin.py:190} INFO - [2025-10-23T04:54:32.902+0000] {dag.py:3239} INFO - Sync 1 DAGs
[2025-10-23T04:54:32.952+0000] {logging_mixin.py:190} INFO - [2025-10-23T04:54:32.951+0000] {dag.py:4180} INFO - Setting next_dagrun for Fraud_detection_training to 2025-10-23 03:00:00+00:00, run_after=2025-10-24 03:00:00+00:00
[2025-10-23T04:54:32.986+0000] {processor.py:208} INFO - Processing /opt/airflow/dags/fraud_detection_training_dag.py took 0.173 seconds
[2025-10-23T04:55:03.056+0000] {processor.py:186} INFO - Started process (PID=181) to work on /opt/airflow/dags/fraud_detection_training_dag.py
[2025-10-23T04:55:03.059+0000] {processor.py:914} INFO - Processing file /opt/airflow/dags/fraud_detection_training_dag.py for tasks to queue
[2025-10-23T04:55:03.062+0000] {logging_mixin.py:190} INFO - [2025-10-23T04:55:03.062+0000] {dagbag.py:588} INFO - Filling up the DagBag from /opt/airflow/dags/fraud_detection_training_dag.py
[2025-10-23T04:55:03.074+0000] {processor.py:925} INFO - DAG(s) 'Fraud_detection_training' retrieved from /opt/airflow/dags/fraud_detection_training_dag.py
[2025-10-23T04:55:03.109+0000] {logging_mixin.py:190} INFO - [2025-10-23T04:55:03.109+0000] {dag.py:3239} INFO - Sync 1 DAGs
[2025-10-23T04:55:03.145+0000] {logging_mixin.py:190} INFO - [2025-10-23T04:55:03.145+0000] {dag.py:4180} INFO - Setting next_dagrun for Fraud_detection_training to 2025-10-23 03:00:00+00:00, run_after=2025-10-24 03:00:00+00:00
[2025-10-23T04:55:03.172+0000] {processor.py:208} INFO - Processing /opt/airflow/dags/fraud_detection_training_dag.py took 0.124 seconds
[2025-10-23T04:55:33.308+0000] {processor.py:186} INFO - Started process (PID=188) to work on /opt/airflow/dags/fraud_detection_training_dag.py
[2025-10-23T04:55:33.311+0000] {processor.py:914} INFO - Processing file /opt/airflow/dags/fraud_detection_training_dag.py for tasks to queue
[2025-10-23T04:55:33.319+0000] {logging_mixin.py:190} INFO - [2025-10-23T04:55:33.318+0000] {dagbag.py:588} INFO - Filling up the DagBag from /opt/airflow/dags/fraud_detection_training_dag.py
[2025-10-23T04:55:33.352+0000] {processor.py:925} INFO - DAG(s) 'Fraud_detection_training' retrieved from /opt/airflow/dags/fraud_detection_training_dag.py
[2025-10-23T04:55:33.438+0000] {logging_mixin.py:190} INFO - [2025-10-23T04:55:33.437+0000] {dag.py:3239} INFO - Sync 1 DAGs
[2025-10-23T04:55:33.519+0000] {logging_mixin.py:190} INFO - [2025-10-23T04:55:33.519+0000] {dag.py:4180} INFO - Setting next_dagrun for Fraud_detection_training to 2025-10-23 03:00:00+00:00, run_after=2025-10-24 03:00:00+00:00
[2025-10-23T04:55:33.563+0000] {processor.py:208} INFO - Processing /opt/airflow/dags/fraud_detection_training_dag.py took 0.278 seconds
[2025-10-23T04:56:03.680+0000] {processor.py:186} INFO - Started process (PID=195) to work on /opt/airflow/dags/fraud_detection_training_dag.py
[2025-10-23T04:56:03.682+0000] {processor.py:914} INFO - Processing file /opt/airflow/dags/fraud_detection_training_dag.py for tasks to queue
[2025-10-23T04:56:03.690+0000] {logging_mixin.py:190} INFO - [2025-10-23T04:56:03.688+0000] {dagbag.py:588} INFO - Filling up the DagBag from /opt/airflow/dags/fraud_detection_training_dag.py
[2025-10-23T04:56:03.755+0000] {processor.py:925} INFO - DAG(s) 'Fraud_detection_training' retrieved from /opt/airflow/dags/fraud_detection_training_dag.py
[2025-10-23T04:56:03.839+0000] {logging_mixin.py:190} INFO - [2025-10-23T04:56:03.839+0000] {dag.py:3239} INFO - Sync 1 DAGs
[2025-10-23T04:56:03.905+0000] {logging_mixin.py:190} INFO - [2025-10-23T04:56:03.905+0000] {dag.py:4180} INFO - Setting next_dagrun for Fraud_detection_training to 2025-10-23 03:00:00+00:00, run_after=2025-10-24 03:00:00+00:00
[2025-10-23T04:56:03.943+0000] {processor.py:208} INFO - Processing /opt/airflow/dags/fraud_detection_training_dag.py took 0.298 seconds
[2025-10-23T04:56:34.210+0000] {processor.py:186} INFO - Started process (PID=202) to work on /opt/airflow/dags/fraud_detection_training_dag.py
[2025-10-23T04:56:34.213+0000] {processor.py:914} INFO - Processing file /opt/airflow/dags/fraud_detection_training_dag.py for tasks to queue
[2025-10-23T04:56:34.231+0000] {logging_mixin.py:190} INFO - [2025-10-23T04:56:34.221+0000] {dagbag.py:588} INFO - Filling up the DagBag from /opt/airflow/dags/fraud_detection_training_dag.py
[2025-10-23T04:56:34.342+0000] {processor.py:925} INFO - DAG(s) 'Fraud_detection_training' retrieved from /opt/airflow/dags/fraud_detection_training_dag.py
[2025-10-23T04:56:34.654+0000] {logging_mixin.py:190} INFO - [2025-10-23T04:56:34.644+0000] {dag.py:3239} INFO - Sync 1 DAGs
[2025-10-23T04:56:34.921+0000] {logging_mixin.py:190} INFO - [2025-10-23T04:56:34.921+0000] {dag.py:4180} INFO - Setting next_dagrun for Fraud_detection_training to 2025-10-23 03:00:00+00:00, run_after=2025-10-24 03:00:00+00:00
[2025-10-23T04:56:35.076+0000] {processor.py:208} INFO - Processing /opt/airflow/dags/fraud_detection_training_dag.py took 0.916 seconds
[2025-10-23T04:57:05.206+0000] {processor.py:186} INFO - Started process (PID=209) to work on /opt/airflow/dags/fraud_detection_training_dag.py
[2025-10-23T04:57:05.208+0000] {processor.py:914} INFO - Processing file /opt/airflow/dags/fraud_detection_training_dag.py for tasks to queue
[2025-10-23T04:57:05.213+0000] {logging_mixin.py:190} INFO - [2025-10-23T04:57:05.212+0000] {dagbag.py:588} INFO - Filling up the DagBag from /opt/airflow/dags/fraud_detection_training_dag.py
[2025-10-23T04:57:05.241+0000] {processor.py:925} INFO - DAG(s) 'Fraud_detection_training' retrieved from /opt/airflow/dags/fraud_detection_training_dag.py
[2025-10-23T04:57:05.317+0000] {logging_mixin.py:190} INFO - [2025-10-23T04:57:05.316+0000] {dag.py:3239} INFO - Sync 1 DAGs
[2025-10-23T04:57:05.390+0000] {logging_mixin.py:190} INFO - [2025-10-23T04:57:05.390+0000] {dag.py:4180} INFO - Setting next_dagrun for Fraud_detection_training to 2025-10-23 03:00:00+00:00, run_after=2025-10-24 03:00:00+00:00
[2025-10-23T04:57:05.448+0000] {processor.py:208} INFO - Processing /opt/airflow/dags/fraud_detection_training_dag.py took 0.259 seconds
[2025-10-23T04:57:35.520+0000] {processor.py:186} INFO - Started process (PID=216) to work on /opt/airflow/dags/fraud_detection_training_dag.py
[2025-10-23T04:57:35.522+0000] {processor.py:914} INFO - Processing file /opt/airflow/dags/fraud_detection_training_dag.py for tasks to queue
[2025-10-23T04:57:35.527+0000] {logging_mixin.py:190} INFO - [2025-10-23T04:57:35.527+0000] {dagbag.py:588} INFO - Filling up the DagBag from /opt/airflow/dags/fraud_detection_training_dag.py
[2025-10-23T04:57:35.547+0000] {processor.py:925} INFO - DAG(s) 'Fraud_detection_training' retrieved from /opt/airflow/dags/fraud_detection_training_dag.py
[2025-10-23T04:57:35.623+0000] {logging_mixin.py:190} INFO - [2025-10-23T04:57:35.622+0000] {dag.py:3239} INFO - Sync 1 DAGs
[2025-10-23T04:57:35.708+0000] {logging_mixin.py:190} INFO - [2025-10-23T04:57:35.707+0000] {dag.py:4180} INFO - Setting next_dagrun for Fraud_detection_training to 2025-10-23 03:00:00+00:00, run_after=2025-10-24 03:00:00+00:00
[2025-10-23T04:57:35.771+0000] {processor.py:208} INFO - Processing /opt/airflow/dags/fraud_detection_training_dag.py took 0.265 seconds
[2025-10-23T04:58:06.087+0000] {processor.py:186} INFO - Started process (PID=223) to work on /opt/airflow/dags/fraud_detection_training_dag.py
[2025-10-23T04:58:06.093+0000] {processor.py:914} INFO - Processing file /opt/airflow/dags/fraud_detection_training_dag.py for tasks to queue
[2025-10-23T04:58:06.101+0000] {logging_mixin.py:190} INFO - [2025-10-23T04:58:06.100+0000] {dagbag.py:588} INFO - Filling up the DagBag from /opt/airflow/dags/fraud_detection_training_dag.py
[2025-10-23T04:58:06.177+0000] {processor.py:925} INFO - DAG(s) 'Fraud_detection_training' retrieved from /opt/airflow/dags/fraud_detection_training_dag.py
[2025-10-23T04:58:06.365+0000] {logging_mixin.py:190} INFO - [2025-10-23T04:58:06.363+0000] {dag.py:3239} INFO - Sync 1 DAGs
[2025-10-23T04:58:06.459+0000] {logging_mixin.py:190} INFO - [2025-10-23T04:58:06.459+0000] {dag.py:4180} INFO - Setting next_dagrun for Fraud_detection_training to 2025-10-23 03:00:00+00:00, run_after=2025-10-24 03:00:00+00:00
[2025-10-23T04:58:06.523+0000] {processor.py:208} INFO - Processing /opt/airflow/dags/fraud_detection_training_dag.py took 0.475 seconds
[2025-10-23T04:58:36.651+0000] {processor.py:186} INFO - Started process (PID=231) to work on /opt/airflow/dags/fraud_detection_training_dag.py
[2025-10-23T04:58:36.653+0000] {processor.py:914} INFO - Processing file /opt/airflow/dags/fraud_detection_training_dag.py for tasks to queue
[2025-10-23T04:58:36.659+0000] {logging_mixin.py:190} INFO - [2025-10-23T04:58:36.658+0000] {dagbag.py:588} INFO - Filling up the DagBag from /opt/airflow/dags/fraud_detection_training_dag.py
[2025-10-23T04:58:36.708+0000] {processor.py:925} INFO - DAG(s) 'Fraud_detection_training' retrieved from /opt/airflow/dags/fraud_detection_training_dag.py
[2025-10-23T04:58:36.803+0000] {logging_mixin.py:190} INFO - [2025-10-23T04:58:36.803+0000] {dag.py:3239} INFO - Sync 1 DAGs
[2025-10-23T04:58:36.870+0000] {logging_mixin.py:190} INFO - [2025-10-23T04:58:36.869+0000] {dag.py:4180} INFO - Setting next_dagrun for Fraud_detection_training to 2025-10-23 03:00:00+00:00, run_after=2025-10-24 03:00:00+00:00
[2025-10-23T04:58:36.911+0000] {processor.py:208} INFO - Processing /opt/airflow/dags/fraud_detection_training_dag.py took 0.275 seconds
[2025-10-23T04:59:07.110+0000] {processor.py:186} INFO - Started process (PID=238) to work on /opt/airflow/dags/fraud_detection_training_dag.py
[2025-10-23T04:59:07.112+0000] {processor.py:914} INFO - Processing file /opt/airflow/dags/fraud_detection_training_dag.py for tasks to queue
[2025-10-23T04:59:07.119+0000] {logging_mixin.py:190} INFO - [2025-10-23T04:59:07.118+0000] {dagbag.py:588} INFO - Filling up the DagBag from /opt/airflow/dags/fraud_detection_training_dag.py
[2025-10-23T04:59:07.148+0000] {processor.py:925} INFO - DAG(s) 'Fraud_detection_training' retrieved from /opt/airflow/dags/fraud_detection_training_dag.py
[2025-10-23T04:59:07.236+0000] {logging_mixin.py:190} INFO - [2025-10-23T04:59:07.235+0000] {dag.py:3239} INFO - Sync 1 DAGs
[2025-10-23T04:59:07.348+0000] {logging_mixin.py:190} INFO - [2025-10-23T04:59:07.347+0000] {dag.py:4180} INFO - Setting next_dagrun for Fraud_detection_training to 2025-10-23 03:00:00+00:00, run_after=2025-10-24 03:00:00+00:00
[2025-10-23T04:59:07.401+0000] {processor.py:208} INFO - Processing /opt/airflow/dags/fraud_detection_training_dag.py took 0.307 seconds
[2025-10-23T04:59:37.594+0000] {processor.py:186} INFO - Started process (PID=245) to work on /opt/airflow/dags/fraud_detection_training_dag.py
[2025-10-23T04:59:37.597+0000] {processor.py:914} INFO - Processing file /opt/airflow/dags/fraud_detection_training_dag.py for tasks to queue
[2025-10-23T04:59:37.608+0000] {logging_mixin.py:190} INFO - [2025-10-23T04:59:37.606+0000] {dagbag.py:588} INFO - Filling up the DagBag from /opt/airflow/dags/fraud_detection_training_dag.py
[2025-10-23T04:59:37.656+0000] {processor.py:925} INFO - DAG(s) 'Fraud_detection_training' retrieved from /opt/airflow/dags/fraud_detection_training_dag.py
[2025-10-23T04:59:37.740+0000] {logging_mixin.py:190} INFO - [2025-10-23T04:59:37.739+0000] {dag.py:3239} INFO - Sync 1 DAGs
[2025-10-23T04:59:37.833+0000] {logging_mixin.py:190} INFO - [2025-10-23T04:59:37.832+0000] {dag.py:4180} INFO - Setting next_dagrun for Fraud_detection_training to 2025-10-23 03:00:00+00:00, run_after=2025-10-24 03:00:00+00:00
[2025-10-23T04:59:37.901+0000] {processor.py:208} INFO - Processing /opt/airflow/dags/fraud_detection_training_dag.py took 0.325 seconds
